Checking VPN status...
NAME             UUID                                  TYPE       DEVICE          
AmadoWiFi        9518fd10-cf69-4b4e-988f-980c994489a9  wifi       wlp2s0          
AmadoVPN         bf65c717-d5c7-497d-a6e7-ac226276e3a1  wireguard  Amado           
br-3edff64993a1  5d6ca59b-a4d7-4b36-afd5-06888ade761a  bridge     br-3edff64993a1 
lo               f5f9ea94-f092-4db6-92db-68f88a76f2f3  loopback   lo              
docker0          1e068103-1581-4f4f-a1b4-f21785c91527  bridge     docker0         
{"status": "Connected", "icon": "connected"}
Checking VPN status...
NAME             UUID                                  TYPE       DEVICE          
AmadoWiFi        9518fd10-cf69-4b4e-988f-980c994489a9  wifi       wlp2s0          
AmadoVPN         bf65c717-d5c7-497d-a6e7-ac226276e3a1  wireguard  Amado           
br-3edff64993a1  5d6ca59b-a4d7-4b36-afd5-06888ade761a  bridge     br-3edff64993a1 
lo               f5f9ea94-f092-4db6-92db-68f88a76f2f3  loopback   lo              
docker0          1e068103-1581-4f4f-a1b4-f21785c91527  bridge     docker0         
{"status": "Connected", "icon": "connected"}
Checking VPN status...
NAME             UUID                                  TYPE       DEVICE          
AmadoWiFi        9518fd10-cf69-4b4e-988f-980c994489a9  wifi       wlp2s0          
AmadoVPN         bf65c717-d5c7-497d-a6e7-ac226276e3a1  wireguard  Amado           
br-3edff64993a1  5d6ca59b-a4d7-4b36-afd5-06888ade761a  bridge     br-3edff64993a1 
lo               f5f9ea94-f092-4db6-92db-68f88a76f2f3  loopback   lo              
docker0          1e068103-1581-4f4f-a1b4-f21785c91527  bridge     docker0         
{"status": "Connected", "icon": "connected"}
Checking VPN status...
NAME             UUID                                  TYPE       DEVICE          
AmadoWiFi        9518fd10-cf69-4b4e-988f-980c994489a9  wifi       wlp2s0          
AmadoVPN         bf65c717-d5c7-497d-a6e7-ac226276e3a1  wireguard  Amado           
br-3edff64993a1  5d6ca59b-a4d7-4b36-afd5-06888ade761a  bridge     br-3edff64993a1 
lo               f5f9ea94-f092-4db6-92db-68f88a76f2f3  loopback   lo              
docker0          1e068103-1581-4f4f-a1b4-f21785c91527  bridge     docker0         
{"status": "Connected", "icon": "connected"}
Checking VPN status...
NAME             UUID                                  TYPE       DEVICE          
AmadoWiFi        9518fd10-cf69-4b4e-988f-980c994489a9  wifi       wlp2s0          
AmadoVPN         bf65c717-d5c7-497d-a6e7-ac226276e3a1  wireguard  Amado           
br-3edff64993a1  5d6ca59b-a4d7-4b36-afd5-06888ade761a  bridge     br-3edff64993a1 
lo               f5f9ea94-f092-4db6-92db-68f88a76f2f3  loopback   lo              
docker0          1e068103-1581-4f4f-a1b4-f21785c91527  bridge     docker0         
{"status": "Connected", "icon": "connected"}
Checking VPN status...
NAME             UUID                                  TYPE       DEVICE          
AmadoWiFi        9518fd10-cf69-4b4e-988f-980c994489a9  wifi       wlp2s0          
AmadoVPN         bf65c717-d5c7-497d-a6e7-ac226276e3a1  wireguard  Amado           
br-3edff64993a1  5d6ca59b-a4d7-4b36-afd5-06888ade761a  bridge     br-3edff64993a1 
lo               f5f9ea94-f092-4db6-92db-68f88a76f2f3  loopback   lo              
docker0          1e068103-1581-4f4f-a1b4-f21785c91527  bridge     docker0         
{"status": "Connected", "icon": "connected"}
Checking VPN status...
NAME             UUID                                  TYPE       DEVICE          
AmadoWiFi        9518fd10-cf69-4b4e-988f-980c994489a9  wifi       wlp2s0          
AmadoVPN         bf65c717-d5c7-497d-a6e7-ac226276e3a1  wireguard  Amado           
br-3edff64993a1  5d6ca59b-a4d7-4b36-afd5-06888ade761a  bridge     br-3edff64993a1 
lo               f5f9ea94-f092-4db6-92db-68f88a76f2f3  loopback   lo              
docker0          1e068103-1581-4f4f-a1b4-f21785c91527  bridge     docker0         
{"status": "Connected", "icon": "connected"}
Checking VPN status...
NAME             UUID                                  TYPE       DEVICE          
AmadoWiFi        9518fd10-cf69-4b4e-988f-980c994489a9  wifi       wlp2s0          
AmadoVPN         bf65c717-d5c7-497d-a6e7-ac226276e3a1  wireguard  Amado           
br-3edff64993a1  5d6ca59b-a4d7-4b36-afd5-06888ade761a  bridge     br-3edff64993a1 
lo               f5f9ea94-f092-4db6-92db-68f88a76f2f3  loopback   lo              
docker0          1e068103-1581-4f4f-a1b4-f21785c91527  bridge     docker0         
{"status": "Connected", "icon": "connected"}
Checking VPN status...
NAME             UUID                                  TYPE       DEVICE          
AmadoWiFi        9518fd10-cf69-4b4e-988f-980c994489a9  wifi       wlp2s0          
AmadoVPN         bf65c717-d5c7-497d-a6e7-ac226276e3a1  wireguard  Amado           
br-3edff64993a1  5d6ca59b-a4d7-4b36-afd5-06888ade761a  bridge     br-3edff64993a1 
lo               f5f9ea94-f092-4db6-92db-68f88a76f2f3  loopback   lo              
docker0          1e068103-1581-4f4f-a1b4-f21785c91527  bridge     docker0         
{"status": "Connected", "icon": "connected"}
Checking VPN status...
NAME             UUID                                  TYPE       DEVICE          
AmadoWiFi        9518fd10-cf69-4b4e-988f-980c994489a9  wifi       wlp2s0          
AmadoVPN         bf65c717-d5c7-497d-a6e7-ac226276e3a1  wireguard  Amado           
br-3edff64993a1  5d6ca59b-a4d7-4b36-afd5-06888ade761a  bridge     br-3edff64993a1 
lo               f5f9ea94-f092-4db6-92db-68f88a76f2f3  loopback   lo              
docker0          1e068103-1581-4f4f-a1b4-f21785c91527  bridge     docker0         
{"status": "Connected", "icon": "connected"}
Checking VPN status...
NAME             UUID                                  TYPE       DEVICE          
AmadoWiFi        9518fd10-cf69-4b4e-988f-980c994489a9  wifi       wlp2s0          
AmadoVPN         bf65c717-d5c7-497d-a6e7-ac226276e3a1  wireguard  Amado           
br-3edff64993a1  5d6ca59b-a4d7-4b36-afd5-06888ade761a  bridge     br-3edff64993a1 
lo               f5f9ea94-f092-4db6-92db-68f88a76f2f3  loopback   lo              
docker0          1e068103-1581-4f4f-a1b4-f21785c91527  bridge     docker0         
{"status": "Connected", "icon": "connected"}
Checking VPN status...
NAME             UUID                                  TYPE       DEVICE          
AmadoWiFi        9518fd10-cf69-4b4e-988f-980c994489a9  wifi       wlp2s0          
AmadoVPN         bf65c717-d5c7-497d-a6e7-ac226276e3a1  wireguard  Amado           
br-3edff64993a1  5d6ca59b-a4d7-4b36-afd5-06888ade761a  bridge     br-3edff64993a1 
lo               f5f9ea94-f092-4db6-92db-68f88a76f2f3  loopback   lo              
docker0          1e068103-1581-4f4f-a1b4-f21785c91527  bridge     docker0         
{"status": "Connected", "icon": "connected"}
Checking VPN status...
NAME             UUID                                  TYPE       DEVICE          
AmadoWiFi        9518fd10-cf69-4b4e-988f-980c994489a9  wifi       wlp2s0          
AmadoVPN         bf65c717-d5c7-497d-a6e7-ac226276e3a1  wireguard  Amado           
br-3edff64993a1  5d6ca59b-a4d7-4b36-afd5-06888ade761a  bridge     br-3edff64993a1 
lo               f5f9ea94-f092-4db6-92db-68f88a76f2f3  loopback   lo              
docker0          1e068103-1581-4f4f-a1b4-f21785c91527  bridge     docker0         
{"status": "Connected", "icon": "connected"}
Checking VPN status...
NAME             UUID                                  TYPE       DEVICE          
AmadoWiFi        9518fd10-cf69-4b4e-988f-980c994489a9  wifi       wlp2s0          
AmadoVPN         bf65c717-d5c7-497d-a6e7-ac226276e3a1  wireguard  Amado           
br-3edff64993a1  5d6ca59b-a4d7-4b36-afd5-06888ade761a  bridge     br-3edff64993a1 
lo               f5f9ea94-f092-4db6-92db-68f88a76f2f3  loopback   lo              
docker0          1e068103-1581-4f4f-a1b4-f21785c91527  bridge     docker0         
{"status": "Connected", "icon": "connected"}
